13:24:23.249 INFO  [main] - Server accepting connections on tcp://192.168.100.52:3035/
13:24:23.252 INFO  [main] - JNDI service accepting connections on tcp://192.168.100.52:3035/
13:24:23.253 INFO  [main] - Admin service accepting connections on tcp://192.168.100.52:3035/
13:24:23.333 INFO  [main] - Server accepting connections on rmi://192.168.100.52:1099/
13:24:23.358 INFO  [main] - JNDI service accepting connections on rmi://192.168.100.52:1099/
13:24:23.358 INFO  [main] - Admin service accepting connections on rmi://192.168.100.52:1099/
14:01:06.102 INFO  [main] - Server accepting connections on tcp://192.168.100.52:3035/
14:01:06.104 INFO  [main] - JNDI service accepting connections on tcp://192.168.100.52:3035/
14:01:06.114 INFO  [main] - Admin service accepting connections on tcp://192.168.100.52:3035/
14:01:06.198 INFO  [main] - Server accepting connections on rmi://192.168.100.52:1099/
14:01:06.199 INFO  [main] - JNDI service accepting connections on rmi://192.168.100.52:1099/
14:01:06.199 INFO  [main] - Admin service accepting connections on rmi://192.168.100.52:1099/
16:49:28.463 INFO  [main] - Server accepting connections on tcp://192.168.100.52:3035/
16:49:28.468 INFO  [main] - JNDI service accepting connections on tcp://192.168.100.52:3035/
16:49:28.472 INFO  [main] - Admin service accepting connections on tcp://192.168.100.52:3035/
16:49:28.620 INFO  [main] - Server accepting connections on rmi://192.168.100.52:1099/
16:49:28.621 INFO  [main] - JNDI service accepting connections on rmi://192.168.100.52:1099/
16:49:28.622 INFO  [main] - Admin service accepting connections on rmi://192.168.100.52:1099/
16:50:51.649 ERROR [ORB-Worker-4] - Failed to update persistent handle
org.exolab.jms.persistence.PersistenceException: 
ERROR 40XL1: A lock could not be obtained within the time requested
	at org.apache.derby.iapi.error.StandardException.newException(Unknown Source)
	at org.apache.derby.impl.services.locks.LockSet.lockObject(Unknown Source)
	at org.apache.derby.impl.services.locks.SinglePool.lockAnObject(Unknown Source)
	at org.apache.derby.impl.services.locks.SinglePool.lockObject(Unknown Source)
	at org.apache.derby.impl.store.raw.xact.RowLocking3.lockRecordForWrite(Unknown Source)
	at org.apache.derby.impl.store.access.heap.HeapController.lockRow(Unknown Source)
	at org.apache.derby.impl.store.access.heap.HeapController.lockRow(Unknown Source)
	at org.apache.derby.impl.store.access.btree.index.B2IRowLocking3.lockRowOnPage(Unknown Source)
	at org.apache.derby.impl.store.access.btree.index.B2IRowLocking3._lockScanRow(Unknown Source)
	at org.apache.derby.impl.store.access.btree.index.B2IRowLockingRR.lockScanRow(Unknown Source)
	at org.apache.derby.impl.store.access.btree.BTreeForwardScan.fetchRows(Unknown Source)
	at org.apache.derby.impl.store.access.btree.BTreeScan.fetchNext(Unknown Source)
	at org.apache.derby.impl.sql.execute.TableScanResultSet.getNextRowCore(Unknown Source)
	at org.apache.derby.impl.sql.execute.IndexRowToBaseRowResultSet.getNextRowCore(Unknown Source)
	at org.apache.derby.impl.sql.execute.ProjectRestrictResultSet.getNextRowCore(Unknown Source)
	at org.apache.derby.impl.sql.execute.NormalizeResultSet.getNextRowCore(Unknown Source)
	at org.apache.derby.impl.sql.execute.DMLWriteResultSet.getNextRowCore(Unknown Source)
	at org.apache.derby.impl.sql.execute.UpdateResultSet.collectAffectedRows(Unknown Source)
	at org.apache.derby.impl.sql.execute.UpdateResultSet.open(Unknown Source)
	at org.apache.derby.impl.sql.GenericPreparedStatement.execute(Unknown Source)
	at org.apache.derby.impl.jdbc.EmbedStatement.executeStatement(Unknown Source)
	at org.apache.derby.impl.jdbc.EmbedPreparedStatement.executeStatement(Unknown Source)
	at org.apache.derby.impl.jdbc.EmbedPreparedStatement.executeUpdate(Unknown Source)
	at org.apache.commons.dbcp.DelegatingPreparedStatement.executeUpdate(DelegatingPreparedStatement.java:101)
	at org.apache.commons.dbcp.DelegatingPreparedStatement.executeUpdate(DelegatingPreparedStatement.java:101)
	at org.exolab.jms.persistence.MessageHandles.updateMessageHandle(MessageHandles.java:367)
	at org.exolab.jms.persistence.RDBMSAdapter.updateMessageHandle(RDBMSAdapter.java:459)
	at org.exolab.jms.messagemgr.AbstractConsumerMessageHandle.update(AbstractConsumerMessageHandle.java:308)
	at org.exolab.jms.server.SentMessageCache.preSend(SentMessageCache.java:107)
	at org.exolab.jms.server.SessionConsumer.doReceive(SessionConsumer.java:679)
	at org.exolab.jms.server.SessionConsumer.receive(SessionConsumer.java:379)
	at org.exolab.jms.server.ServerSessionImpl.receive(ServerSessionImpl.java:270)
	at org.exolab.jms.server.net.RemoteServerSession.receive(RemoteServerSession.java:195)
	at sun.reflect.GeneratedMethodAccessor2.invoke(Unknown Source)
	at sun.reflect.DelegatingMethodAccessorImpl.invoke(DelegatingMethodAccessorImpl.java:43)
	at java.lang.reflect.Method.invoke(Method.java:498)
	at org.exolab.jms.net.orb.DefaultORB$Handler.invoke(DefaultORB.java:572)
	at org.exolab.jms.net.orb.DefaultORB$1.run(DefaultORB.java:530)
	at org.exolab.jms.common.threads.ThreadPool$NotifyingRunnable.run(ThreadPool.java:211)
	at EDU.oswego.cs.dl.util.concurrent.PooledExecutor$Worker.run(Unknown Source)
	at java.lang.Thread.run(Thread.java:750)
16:50:51.649 ERROR [ORB-Worker-1] - Failed to update persistent handle
org.exolab.jms.persistence.PersistenceException: 
ERROR 40XL1: A lock could not be obtained within the time requested
	at org.apache.derby.iapi.error.StandardException.newException(Unknown Source)
	at org.apache.derby.impl.services.locks.LockSet.lockObject(Unknown Source)
	at org.apache.derby.impl.services.locks.SinglePool.lockAnObject(Unknown Source)
	at org.apache.derby.impl.services.locks.SinglePool.lockObject(Unknown Source)
	at org.apache.derby.impl.store.raw.xact.RowLocking3.lockRecordForWrite(Unknown Source)
	at org.apache.derby.impl.store.access.heap.HeapController.lockRow(Unknown Source)
	at org.apache.derby.impl.store.access.heap.HeapController.lockRow(Unknown Source)
	at org.apache.derby.impl.store.access.btree.index.B2IRowLocking3.lockRowOnPage(Unknown Source)
	at org.apache.derby.impl.store.access.btree.index.B2IRowLocking3._lockScanRow(Unknown Source)
	at org.apache.derby.impl.store.access.btree.index.B2IRowLockingRR.lockScanRow(Unknown Source)
	at org.apache.derby.impl.store.access.btree.BTreeForwardScan.fetchRows(Unknown Source)
	at org.apache.derby.impl.store.access.btree.BTreeScan.fetchNext(Unknown Source)
	at org.apache.derby.impl.sql.execute.TableScanResultSet.getNextRowCore(Unknown Source)
	at org.apache.derby.impl.sql.execute.IndexRowToBaseRowResultSet.getNextRowCore(Unknown Source)
	at org.apache.derby.impl.sql.execute.ProjectRestrictResultSet.getNextRowCore(Unknown Source)
	at org.apache.derby.impl.sql.execute.NormalizeResultSet.getNextRowCore(Unknown Source)
	at org.apache.derby.impl.sql.execute.DMLWriteResultSet.getNextRowCore(Unknown Source)
	at org.apache.derby.impl.sql.execute.UpdateResultSet.collectAffectedRows(Unknown Source)
	at org.apache.derby.impl.sql.execute.UpdateResultSet.open(Unknown Source)
	at org.apache.derby.impl.sql.GenericPreparedStatement.execute(Unknown Source)
	at org.apache.derby.impl.jdbc.EmbedStatement.executeStatement(Unknown Source)
	at org.apache.derby.impl.jdbc.EmbedPreparedStatement.executeStatement(Unknown Source)
	at org.apache.derby.impl.jdbc.EmbedPreparedStatement.executeUpdate(Unknown Source)
	at org.apache.commons.dbcp.DelegatingPreparedStatement.executeUpdate(DelegatingPreparedStatement.java:101)
	at org.apache.commons.dbcp.DelegatingPreparedStatement.executeUpdate(DelegatingPreparedStatement.java:101)
	at org.exolab.jms.persistence.MessageHandles.updateMessageHandle(MessageHandles.java:367)
	at org.exolab.jms.persistence.RDBMSAdapter.updateMessageHandle(RDBMSAdapter.java:459)
	at org.exolab.jms.messagemgr.AbstractConsumerMessageHandle.update(AbstractConsumerMessageHandle.java:308)
	at org.exolab.jms.server.SentMessageCache.preSend(SentMessageCache.java:107)
	at org.exolab.jms.server.SessionConsumer.doReceive(SessionConsumer.java:679)
	at org.exolab.jms.server.SessionConsumer.receive(SessionConsumer.java:379)
	at org.exolab.jms.server.ServerSessionImpl.receive(ServerSessionImpl.java:270)
	at org.exolab.jms.server.net.RemoteServerSession.receive(RemoteServerSession.java:195)
	at sun.reflect.NativeMethodAccessorImpl.invoke0(Native Method)
	at sun.reflect.NativeMethodAccessorImpl.invoke(NativeMethodAccessorImpl.java:62)
	at sun.reflect.DelegatingMethodAccessorImpl.invoke(DelegatingMethodAccessorImpl.java:43)
	at java.lang.reflect.Method.invoke(Method.java:498)
	at org.exolab.jms.net.orb.DefaultORB$Handler.invoke(DefaultORB.java:572)
	at org.exolab.jms.net.orb.DefaultORB$1.run(DefaultORB.java:530)
	at org.exolab.jms.common.threads.ThreadPool$NotifyingRunnable.run(ThreadPool.java:211)
	at EDU.oswego.cs.dl.util.concurrent.PooledExecutor$Worker.run(Unknown Source)
	at java.lang.Thread.run(Thread.java:750)
16:50:51.652 ERROR [ORB-Worker-4] - Failed to update persistent handle: Failed to update message handle=org.exolab.jms.messagemgr.TopicConsumerMessageHandle@3e6d5a59
javax.jms.JMSException: Failed to update persistent handle: Failed to update message handle=org.exolab.jms.messagemgr.TopicConsumerMessageHandle@3e6d5a59
	at org.exolab.jms.messagemgr.AbstractConsumerMessageHandle.update(AbstractConsumerMessageHandle.java:312)
	at org.exolab.jms.server.SentMessageCache.preSend(SentMessageCache.java:107)
	at org.exolab.jms.server.SessionConsumer.doReceive(SessionConsumer.java:679)
	at org.exolab.jms.server.SessionConsumer.receive(SessionConsumer.java:379)
	at org.exolab.jms.server.ServerSessionImpl.receive(ServerSessionImpl.java:270)
	at org.exolab.jms.server.net.RemoteServerSession.receive(RemoteServerSession.java:195)
	at sun.reflect.GeneratedMethodAccessor2.invoke(Unknown Source)
	at sun.reflect.DelegatingMethodAccessorImpl.invoke(DelegatingMethodAccessorImpl.java:43)
	at java.lang.reflect.Method.invoke(Method.java:498)
	at org.exolab.jms.net.orb.DefaultORB$Handler.invoke(DefaultORB.java:572)
	at org.exolab.jms.net.orb.DefaultORB$1.run(DefaultORB.java:530)
	at org.exolab.jms.common.threads.ThreadPool$NotifyingRunnable.run(ThreadPool.java:211)
	at EDU.oswego.cs.dl.util.concurrent.PooledExecutor$Worker.run(Unknown Source)
	at java.lang.Thread.run(Thread.java:750)
16:50:51.658 ERROR [ORB-Worker-1] - Failed to update persistent handle: Failed to update message handle=org.exolab.jms.messagemgr.TopicConsumerMessageHandle@7e47cc5d
javax.jms.JMSException: Failed to update persistent handle: Failed to update message handle=org.exolab.jms.messagemgr.TopicConsumerMessageHandle@7e47cc5d
	at org.exolab.jms.messagemgr.AbstractConsumerMessageHandle.update(AbstractConsumerMessageHandle.java:312)
	at org.exolab.jms.server.SentMessageCache.preSend(SentMessageCache.java:107)
	at org.exolab.jms.server.SessionConsumer.doReceive(SessionConsumer.java:679)
	at org.exolab.jms.server.SessionConsumer.receive(SessionConsumer.java:379)
	at org.exolab.jms.server.ServerSessionImpl.receive(ServerSessionImpl.java:270)
	at org.exolab.jms.server.net.RemoteServerSession.receive(RemoteServerSession.java:195)
	at sun.reflect.NativeMethodAccessorImpl.invoke0(Native Method)
	at sun.reflect.NativeMethodAccessorImpl.invoke(NativeMethodAccessorImpl.java:62)
	at sun.reflect.DelegatingMethodAccessorImpl.invoke(DelegatingMethodAccessorImpl.java:43)
	at java.lang.reflect.Method.invoke(Method.java:498)
	at org.exolab.jms.net.orb.DefaultORB$Handler.invoke(DefaultORB.java:572)
	at org.exolab.jms.net.orb.DefaultORB$1.run(DefaultORB.java:530)
	at org.exolab.jms.common.threads.ThreadPool$NotifyingRunnable.run(ThreadPool.java:211)
	at EDU.oswego.cs.dl.util.concurrent.PooledExecutor$Worker.run(Unknown Source)
	at java.lang.Thread.run(Thread.java:750)
17:33:54.640 INFO  [main] - Server accepting connections on tcp://192.168.100.52:3035/
17:33:54.645 INFO  [main] - JNDI service accepting connections on tcp://192.168.100.52:3035/
17:33:54.647 INFO  [main] - Admin service accepting connections on tcp://192.168.100.52:3035/
17:33:54.781 INFO  [main] - Server accepting connections on rmi://192.168.100.52:1099/
17:33:54.782 INFO  [main] - JNDI service accepting connections on rmi://192.168.100.52:1099/
17:33:54.782 INFO  [main] - Admin service accepting connections on rmi://192.168.100.52:1099/
